C:\USERS\Администратор\DOCUMENTS\VISUAL STUDIO 2012\PROJECTS\CS REZSTRAFECPP\REZSTRAFE-CPP\DEBUG\OPTIONS.OBJ
C:\USERS\Администратор\DOCUMENTS\VISUAL STUDIO 2012\PROJECTS\CS REZSTRAFECPP\REZSTRAFE-CPP\DEBUG\MAIN.OBJ
C:\USERS\АДМИНИСТРАТОР\DOCUMENTS\VISUAL STUDIO 2012\PROJECTS\CS REZSTRAFECPP\REZSTRAFE-CPP\DEBUG\VC110.PDB
C:\USERS\Администратор\DOCUMENTS\VISUAL STUDIO 2012\PROJECTS\CS REZSTRAFECPP\DEBUG\REZSTRAFE-CPP.ILK
C:\USERS\Администратор\DOCUMENTS\VISUAL STUDIO 2012\PROJECTS\CS REZSTRAFECPP\DEBUG\REZSTRAFE-CPP.EXE
C:\USERS\АДМИНИСТРАТОР\DOCUMENTS\VISUAL STUDIO 2012\PROJECTS\CS REZSTRAFECPP\DEBUG\REZSTRAFE-CPP.PDB
C:\USERS\Администратор\DOCUMENTS\VISUAL STUDIO 2012\PROJECTS\CS REZSTRAFECPP\REZSTRAFE-CPP\DEBUG\RESOURCE.RES
C:\Users\Администратор\Documents\Visual Studio 2012\Projects\cs rezstrafecpp\RezStrafe-cpp\Debug\RezStrafecpp.main.resources
C:\Users\Администратор\Documents\Visual Studio 2012\Projects\cs rezstrafecpp\RezStrafe-cpp\Debug\RezStrafecpp.options.resources
C:\Users\Администратор\Documents\Visual Studio 2012\Projects\cs rezstrafecpp\RezStrafe-cpp\Debug\RezStrafe-cpp.vcxproj.GenerateResource.Cache
C:\Users\Администратор\Documents\Visual Studio 2012\Projects\cs rezstrafecpp\RezStrafe-cpp\Debug\RezStrafe-cpp.vcxprojResolveAssemblyReference.cache
C:\Users\Администратор\Documents\Visual Studio 2012\Projects\cs rezstrafecpp\RezStrafe-cpp\Debug\main.obj
C:\Users\Администратор\Documents\Visual Studio 2012\Projects\cs rezstrafecpp\RezStrafe-cpp\Debug\options.obj
C:\Users\Администратор\Documents\Visual Studio 2012\Projects\cs rezstrafecpp\RezStrafe-cpp\Debug\cl.command.1.tlog
C:\Users\Администратор\Documents\Visual Studio 2012\Projects\cs rezstrafecpp\RezStrafe-cpp\Debug\CL.read.1.tlog
C:\Users\Администратор\Documents\Visual Studio 2012\Projects\cs rezstrafecpp\RezStrafe-cpp\Debug\CL.write.1.tlog
C:\Users\Администратор\Documents\Visual Studio 2012\Projects\cs rezstrafecpp\RezStrafe-cpp\Debug\link.2340-cvtres.read.1.tlog
C:\Users\Администратор\Documents\Visual Studio 2012\Projects\cs rezstrafecpp\RezStrafe-cpp\Debug\link.2340-cvtres.write.1.tlog
C:\Users\Администратор\Documents\Visual Studio 2012\Projects\cs rezstrafecpp\RezStrafe-cpp\Debug\link.2340-rc.read.1.tlog
C:\Users\Администратор\Documents\Visual Studio 2012\Projects\cs rezstrafecpp\RezStrafe-cpp\Debug\link.2340-rc.write.1.tlog
C:\Users\Администратор\Documents\Visual Studio 2012\Projects\cs rezstrafecpp\RezStrafe-cpp\Debug\link.2340.read.1.tlog
C:\Users\Администратор\Documents\Visual Studio 2012\Projects\cs rezstrafecpp\RezStrafe-cpp\Debug\link.2340.write.1.tlog
C:\Users\Администратор\Documents\Visual Studio 2012\Projects\cs rezstrafecpp\RezStrafe-cpp\Debug\link.2700-cvtres.read.1.tlog
C:\Users\Администратор\Documents\Visual Studio 2012\Projects\cs rezstrafecpp\RezStrafe-cpp\Debug\link.2700-cvtres.write.1.tlog
C:\Users\Администратор\Documents\Visual Studio 2012\Projects\cs rezstrafecpp\RezStrafe-cpp\Debug\link.2700-rc.read.1.tlog
C:\Users\Администратор\Documents\Visual Studio 2012\Projects\cs rezstrafecpp\RezStrafe-cpp\Debug\link.2700-rc.write.1.tlog
C:\Users\Администратор\Documents\Visual Studio 2012\Projects\cs rezstrafecpp\RezStrafe-cpp\Debug\link.2700.read.1.tlog
C:\Users\Администратор\Documents\Visual Studio 2012\Projects\cs rezstrafecpp\RezStrafe-cpp\Debug\link.2700.write.1.tlog
C:\Users\Администратор\Documents\Visual Studio 2012\Projects\cs rezstrafecpp\RezStrafe-cpp\Debug\link.2908-cvtres.read.1.tlog
C:\Users\Администратор\Documents\Visual Studio 2012\Projects\cs rezstrafecpp\RezStrafe-cpp\Debug\link.2908-cvtres.write.1.tlog
C:\Users\Администратор\Documents\Visual Studio 2012\Projects\cs rezstrafecpp\RezStrafe-cpp\Debug\link.2908-rc.read.1.tlog
C:\Users\Администратор\Documents\Visual Studio 2012\Projects\cs rezstrafecpp\RezStrafe-cpp\Debug\link.2908-rc.write.1.tlog
C:\Users\Администратор\Documents\Visual Studio 2012\Projects\cs rezstrafecpp\RezStrafe-cpp\Debug\link.2908.read.1.tlog
C:\Users\Администратор\Documents\Visual Studio 2012\Projects\cs rezstrafecpp\RezStrafe-cpp\Debug\link.2908.write.1.tlog
C:\Users\Администратор\Documents\Visual Studio 2012\Projects\cs rezstrafecpp\RezStrafe-cpp\Debug\link.command.1.tlog
C:\Users\Администратор\Documents\Visual Studio 2012\Projects\cs rezstrafecpp\RezStrafe-cpp\Debug\link.read.1.tlog
C:\Users\Администратор\Documents\Visual Studio 2012\Projects\cs rezstrafecpp\RezStrafe-cpp\Debug\link.write.1.tlog
C:\Users\Администратор\Documents\Visual Studio 2012\Projects\cs rezstrafecpp\RezStrafe-cpp\Debug\metagen.read.1.tlog
C:\Users\Администратор\Documents\Visual Studio 2012\Projects\cs rezstrafecpp\RezStrafe-cpp\Debug\metagen.write.1.tlog
C:\Users\Администратор\Documents\Visual Studio 2012\Projects\cs rezstrafecpp\RezStrafe-cpp\Debug\rc.command.1.tlog
C:\Users\Администратор\Documents\Visual Studio 2012\Projects\cs rezstrafecpp\RezStrafe-cpp\Debug\rc.read.1.tlog
C:\Users\Администратор\Documents\Visual Studio 2012\Projects\cs rezstrafecpp\RezStrafe-cpp\Debug\rc.write.1.tlog
C:\Users\Администратор\Documents\Visual Studio 2012\Projects\cs rezstrafecpp\RezStrafe-cpp\Debug\RezStrafe-cpp.write.1.tlog
C:\Users\Администратор\Documents\Visual Studio 2012\Projects\cs rezstrafecpp\RezStrafe-cpp\Debug\Resource.res
C:\Users\Администратор\Documents\Visual Studio 2012\Projects\cs rezstrafecpp\RezStrafe-cpp\Debug\vc110.pdb
C:\Users\Администратор\Documents\Visual Studio 2012\Projects\cs rezstrafecpp\RezStrafe-cpp\Debug\RSAENH.DLL.bi
C:\Users\Администратор\Documents\Visual Studio 2012\Projects\cs rezstrafecpp\RezStrafe-cpp\Debug\TZRES.DLL.bi
C:\Users\Администратор\Documents\Visual Studio 2012\Projects\cs rezstrafecpp\Debug\RezStrafe-cpp.pdb
C:\Users\Администратор\Documents\Visual Studio 2012\Projects\cs rezstrafecpp\Debug\RezStrafe-cpp.exe
C:\Users\Администратор\Documents\Visual Studio 2012\Projects\cs rezstrafecpp\Debug\RezStrafe-cpp.ilk
